TN:
SF:src\app.js
FN:21,(anonymous_0)
FNF:1
FNH:0
FNDA:0,(anonymous_0)
DA:1,1
DA:2,1
DA:4,1
DA:5,1
DA:6,1
DA:7,1
DA:8,1
DA:9,1
DA:10,1
DA:11,1
DA:12,1
DA:16,1
DA:17,1
DA:19,1
DA:20,1
DA:21,1
DA:22,0
DA:23,0
DA:24,0
DA:25,0
DA:26,0
DA:28,0
DA:31,1
DA:32,1
DA:33,1
DA:36,1
DA:38,1
DA:39,1
DA:41,1
LF:29
LH:23
BRF:0
BRH:0
end_of_record
TN:
SF:src\model\booking.js
FN:7,(anonymous_0)
FN:19,(anonymous_1)
FN:32,(anonymous_2)
FN:50,(anonymous_3)
FN:53,(anonymous_4)
FN:64,(anonymous_5)
FNF:6
FNH:4
FNDA:9,(anonymous_0)
FNDA:9,(anonymous_1)
FNDA:0,(anonymous_2)
FNDA:3,(anonymous_3)
FNDA:15,(anonymous_4)
FNDA:0,(anonymous_5)
DA:1,1
DA:2,1
DA:4,1
DA:7,1
DA:8,9
DA:9,9
DA:10,9
DA:11,6
DA:14,3
DA:19,1
DA:20,9
DA:21,9
DA:22,9
DA:23,9
DA:26,0
DA:32,1
DA:33,0
DA:34,0
DA:35,0
DA:36,0
DA:37,0
DA:38,0
DA:39,0
DA:43,0
DA:44,0
DA:45,0
DA:50,1
DA:51,3
DA:52,3
DA:53,3
DA:54,15
DA:55,15
DA:56,15
DA:58,3
DA:59,3
DA:60,3
DA:64,1
DA:65,0
DA:66,0
DA:67,0
DA:68,0
DA:69,0
DA:70,0
DA:71,0
DA:74,0
DA:75,0
DA:76,0
DA:80,0
DA:81,0
DA:82,0
DA:87,1
LF:51
LH:27
BRDA:10,0,0,6
BRDA:10,0,1,3
BRDA:22,1,0,9
BRDA:22,1,1,0
BRDA:35,2,0,0
BRDA:35,2,1,0
BRDA:38,3,0,0
BRDA:38,3,1,0
BRDA:67,4,0,0
BRDA:67,4,1,0
BRDA:70,5,0,0
BRDA:70,5,1,0
BRF:12
BRH:3
end_of_record
TN:
SF:src\model\package.js
FN:6,(anonymous_0)
FN:18,(anonymous_1)
FN:32,(anonymous_2)
FNF:3
FNH:2
FNDA:7,(anonymous_0)
FNDA:9,(anonymous_1)
FNDA:0,(anonymous_2)
DA:1,1
DA:3,1
DA:6,1
DA:7,7
DA:8,7
DA:9,7
DA:10,7
DA:13,0
DA:18,1
DA:20,9
DA:21,9
DA:22,9
DA:23,6
DA:27,3
DA:32,1
DA:34,0
DA:35,0
DA:36,0
DA:37,0
DA:40,0
DA:47,1
LF:21
LH:15
BRDA:9,0,0,7
BRDA:9,0,1,0
BRDA:22,1,0,6
BRDA:22,1,1,3
BRDA:36,2,0,0
BRDA:36,2,1,0
BRF:6
BRH:3
end_of_record
TN:
SF:src\model\setupBooking.js
FN:9,(anonymous_0)
FN:10,(anonymous_1)
FN:11,(anonymous_2)
FN:12,(anonymous_3)
FNF:4
FNH:0
FNDA:0,(anonymous_0)
FNDA:0,(anonymous_1)
FNDA:0,(anonymous_2)
FNDA:0,(anonymous_3)
DA:1,1
DA:3,1
DA:9,1
DA:10,0
DA:11,0
DA:12,0
DA:13,0
DA:14,0
DA:16,0
LF:9
LH:3
BRDA:13,0,0,0
BRDA:13,0,1,0
BRF:2
BRH:0
end_of_record
TN:
SF:src\model\setupDestination.js
FN:732,(anonymous_0)
FN:733,(anonymous_1)
FN:734,(anonymous_2)
FN:735,(anonymous_3)
FNF:4
FNH:0
FNDA:0,(anonymous_0)
FNDA:0,(anonymous_1)
FNDA:0,(anonymous_2)
FNDA:0,(anonymous_3)
DA:1,1
DA:3,1
DA:732,1
DA:733,0
DA:734,0
DA:735,0
DA:736,0
DA:737,0
DA:739,0
LF:9
LH:3
BRDA:736,0,0,0
BRDA:736,0,1,0
BRF:2
BRH:0
end_of_record
TN:
SF:src\model\setupUser.js
FN:17,(anonymous_0)
FN:18,(anonymous_1)
FN:19,(anonymous_2)
FN:20,(anonymous_3)
FNF:4
FNH:4
FNDA:2,(anonymous_0)
FNDA:2,(anonymous_1)
FNDA:2,(anonymous_2)
FNDA:2,(anonymous_3)
DA:2,1
DA:5,1
DA:17,1
DA:18,2
DA:19,2
DA:20,2
DA:21,2
DA:22,2
DA:24,0
LF:9
LH:8
BRDA:21,0,0,2
BRDA:21,0,1,0
BRF:2
BRH:1
end_of_record
TN:
SF:src\model\userslogin.js
FN:8,(anonymous_0)
FN:9,(anonymous_1)
FN:10,(anonymous_2)
FN:22,(anonymous_3)
FN:23,(anonymous_4)
FN:24,(anonymous_5)
FN:34,(anonymous_6)
FN:35,(anonymous_7)
FN:36,(anonymous_8)
FN:46,(anonymous_9)
FN:47,(anonymous_10)
FN:48,(anonymous_11)
FN:58,(anonymous_12)
FN:59,(anonymous_13)
FN:60,(anonymous_14)
FN:63,(anonymous_15)
FNF:16
FNH:12
FNDA:2,(anonymous_0)
FNDA:2,(anonymous_1)
FNDA:2,(anonymous_2)
FNDA:4,(anonymous_3)
FNDA:4,(anonymous_4)
FNDA:4,(anonymous_5)
FNDA:5,(anonymous_6)
FNDA:5,(anonymous_7)
FNDA:5,(anonymous_8)
FNDA:1,(anonymous_9)
FNDA:1,(anonymous_10)
FNDA:1,(anonymous_11)
FNDA:0,(anonymous_12)
FNDA:0,(anonymous_13)
FNDA:0,(anonymous_14)
FNDA:0,(anonymous_15)
DA:1,1
DA:2,1
DA:3,1
DA:5,1
DA:8,1
DA:9,2
DA:10,2
DA:11,2
DA:12,2
DA:13,14
DA:15,2
DA:16,2
DA:22,1
DA:23,4
DA:24,4
DA:25,4
DA:26,4
DA:28,0
DA:34,1
DA:35,5
DA:36,5
DA:37,5
DA:38,5
DA:40,0
DA:46,1
DA:47,1
DA:48,1
DA:49,1
DA:50,1
DA:51,0
DA:58,1
DA:59,0
DA:60,0
DA:61,0
DA:62,0
DA:63,0
DA:64,0
DA:65,0
DA:66,0
DA:73,1
LF:40
LH:29
BRDA:25,0,0,4
BRDA:25,0,1,0
BRDA:37,1,0,5
BRDA:37,1,1,0
BRDA:49,2,0,1
BRDA:49,2,1,0
BRDA:64,3,0,0
BRDA:64,3,1,0
BRF:8
BRH:3
end_of_record
TN:
SF:src\model\beanClasses\users.js
FN:2,(anonymous_0)
FNF:1
FNH:1
FNDA:4,(anonymous_0)
DA:3,4
DA:4,4
DA:5,4
DA:6,4
DA:7,4
DA:8,4
DA:12,1
LF:7
LH:7
BRF:0
BRH:0
end_of_record
TN:
SF:src\routes\bookingRouter.js
FN:12,(anonymous_0)
FN:28,(anonymous_1)
FN:33,(anonymous_2)
FN:35,(anonymous_3)
FN:46,(anonymous_4)
FN:52,(anonymous_5)
FN:54,(anonymous_6)
FNF:7
FNH:1
FNDA:3,(anonymous_0)
FNDA:0,(anonymous_1)
FNDA:0,(anonymous_2)
FNDA:0,(anonymous_3)
FNDA:0,(anonymous_4)
FNDA:0,(anonymous_5)
FNDA:0,(anonymous_6)
DA:1,1
DA:2,1
DA:4,1
DA:12,1
DA:13,3
DA:14,3
DA:15,3
DA:18,0
DA:28,1
DA:29,0
DA:30,0
DA:31,0
DA:32,0
DA:33,0
DA:34,0
DA:36,0
DA:46,1
DA:47,0
DA:48,0
DA:49,0
DA:50,0
DA:51,0
DA:52,0
DA:53,0
DA:55,0
DA:58,1
LF:26
LH:10
BRF:0
BRH:0
end_of_record
TN:
SF:src\routes\packageRouter.js
FN:12,(anonymous_0)
FN:28,(anonymous_1)
FNF:2
FNH:2
FNDA:2,(anonymous_0)
FNDA:3,(anonymous_1)
DA:1,1
DA:2,1
DA:4,1
DA:12,1
DA:13,2
DA:14,2
DA:15,2
DA:18,0
DA:28,1
DA:29,3
DA:30,3
DA:31,0
DA:34,3
DA:37,1
LF:14
LH:12
BRF:0
BRH:0
end_of_record
TN:
SF:src\routes\userRouter.js
FN:13,(anonymous_0)
FN:14,(anonymous_1)
FN:16,(anonymous_2)
FN:26,(anonymous_3)
FN:29,(anonymous_4)
FN:31,(anonymous_5)
FN:41,(anonymous_6)
FN:43,(anonymous_7)
FN:45,(anonymous_8)
FNF:9
FNH:2
FNDA:2,(anonymous_0)
FNDA:2,(anonymous_1)
FNDA:0,(anonymous_2)
FNDA:0,(anonymous_3)
FNDA:0,(anonymous_4)
FNDA:0,(anonymous_5)
FNDA:0,(anonymous_6)
FNDA:0,(anonymous_7)
FNDA:0,(anonymous_8)
DA:1,1
DA:2,1
DA:3,1
DA:5,1
DA:13,1
DA:14,2
DA:15,2
DA:16,0
DA:26,1
DA:27,0
DA:28,0
DA:29,0
DA:30,0
DA:31,0
DA:41,1
DA:42,0
DA:43,0
DA:44,0
DA:46,0
DA:51,1
LF:20
LH:10
BRF:0
BRH:0
end_of_record
TN:
SF:src\service\booking.js
FN:9,(anonymous_0)
FN:38,(anonymous_1)
FN:86,(anonymous_2)
FNF:3
FNH:1
FNDA:6,(anonymous_0)
FNDA:0,(anonymous_1)
FNDA:0,(anonymous_2)
DA:1,1
DA:2,1
DA:3,1
DA:9,1
DA:10,6
DA:11,6
DA:12,6
DA:13,3
DA:14,3
DA:15,3
DA:16,6
DA:17,6
DA:19,3
DA:22,3
DA:23,3
DA:24,3
DA:29,3
DA:38,1
DA:39,0
DA:40,0
DA:41,0
DA:42,0
DA:44,0
DA:45,0
DA:46,0
DA:50,0
DA:51,0
DA:53,0
DA:54,0
DA:55,0
DA:58,0
DA:59,0
DA:70,0
DA:71,0
DA:72,0
DA:75,0
DA:76,0
DA:77,0
DA:81,0
DA:86,1
DA:87,0
DA:88,0
DA:89,0
DA:90,0
DA:94,1
LF:45
LH:20
BRDA:12,0,0,3
BRDA:12,0,1,3
BRDA:42,1,0,0
BRDA:42,1,1,0
BRDA:51,2,0,0
BRDA:51,2,1,0
BRDA:71,3,0,0
BRDA:71,3,1,0
BRDA:89,4,0,0
BRDA:89,4,1,0
BRF:10
BRH:2
end_of_record
TN:
SF:src\service\package.js
FN:9,(anonymous_0)
FN:28,(anonymous_1)
FNF:2
FNH:2
FNDA:5,(anonymous_0)
FNDA:6,(anonymous_1)
DA:1,1
DA:2,1
DA:9,1
DA:11,5
DA:12,5
DA:13,5
DA:16,0
DA:17,0
DA:18,0
DA:28,1
DA:30,6
DA:31,6
DA:32,6
DA:33,6
DA:34,3
DA:37,3
DA:38,3
DA:39,3
DA:47,1
LF:19
LH:16
BRDA:12,0,0,5
BRDA:12,0,1,0
BRDA:33,1,0,3
BRDA:33,1,1,3
BRF:4
BRH:3
end_of_record
TN:
SF:src\service\userslogin.js
FN:9,(anonymous_0)
FN:10,(anonymous_1)
FN:17,(anonymous_2)
FN:36,(anonymous_3)
FN:37,(anonymous_4)
FN:43,(anonymous_5)
FNF:6
FNH:3
FNDA:3,(anonymous_0)
FNDA:3,(anonymous_1)
FNDA:3,(anonymous_2)
FNDA:0,(anonymous_3)
FNDA:0,(anonymous_4)
FNDA:0,(anonymous_5)
DA:1,1
DA:3,1
DA:9,1
DA:10,3
DA:11,3
DA:12,0
DA:13,0
DA:14,0
DA:17,3
DA:18,3
DA:19,0
DA:20,0
DA:21,0
DA:24,3
DA:36,1
DA:37,0
DA:38,0
DA:39,0
DA:40,0
DA:41,0
DA:43,0
DA:44,0
DA:45,0
DA:47,0
DA:48,0
DA:49,0
DA:57,1
LF:27
LH:10
BRDA:11,0,0,0
BRDA:11,0,1,3
BRDA:18,1,0,0
BRDA:18,1,1,3
BRDA:38,2,0,0
BRDA:38,2,1,0
BRDA:44,3,0,0
BRDA:44,3,1,0
BRF:8
BRH:2
end_of_record
TN:
SF:src\utilities\ErrorLogger.js
FN:4,(anonymous_0)
FN:5,(anonymous_1)
FNF:2
FNH:2
FNDA:3,(anonymous_0)
FNDA:3,(anonymous_1)
DA:1,1
DA:4,1
DA:5,3
DA:6,3
DA:8,3
DA:9,0
DA:10,3
DA:11,3
DA:14,1
LF:9
LH:8
BRDA:6,0,0,0
BRDA:6,0,1,3
BRDA:8,1,0,3
BRDA:8,1,1,0
BRF:4
BRH:2
end_of_record
TN:
SF:src\utilities\RequestLogger.js
FN:3,(anonymous_0)
FN:5,(anonymous_1)
FNF:2
FNH:2
FNDA:10,(anonymous_0)
FNDA:10,(anonymous_1)
DA:1,1
DA:3,1
DA:4,10
DA:5,10
DA:6,10
DA:8,10
DA:12,1
LF:7
LH:7
BRDA:6,0,0,0
BRDA:6,0,1,10
BRF:2
BRH:1
end_of_record
TN:
SF:src\utilities\connections.js
FN:60,(anonymous_0)
FN:61,(anonymous_1)
FN:63,(anonymous_2)
FN:75,(anonymous_3)
FN:76,(anonymous_4)
FN:78,(anonymous_5)
FN:90,(anonymous_6)
FN:91,(anonymous_7)
FN:93,(anonymous_8)
FNF:9
FNH:6
FNDA:23,(anonymous_0)
FNDA:23,(anonymous_1)
FNDA:0,(anonymous_2)
FNDA:12,(anonymous_3)
FNDA:12,(anonymous_4)
FNDA:0,(anonymous_5)
FNDA:16,(anonymous_6)
FNDA:16,(anonymous_7)
FNDA:0,(anonymous_8)
DA:1,1
DA:2,1
DA:3,1
DA:4,1
DA:7,1
DA:16,1
DA:27,1
DA:53,1
DA:60,1
DA:61,23
DA:62,23
DA:64,0
DA:65,0
DA:66,0
DA:75,1
DA:76,12
DA:77,12
DA:79,0
DA:80,0
DA:81,0
DA:90,1
DA:91,16
DA:92,16
DA:94,0
DA:95,0
DA:96,0
DA:102,1
LF:27
LH:18
BRF:0
BRH:0
end_of_record
